<?xml version="1.0" encoding="UTF-8"?>
<!-- Generated by org.testng.reporters.JUnitReportReporter -->
<testsuite hostname="ROCK-LP130" name="TestFramework.GetPlace" tests="1" failures="0" timestamp="24 Sep 2017 09:11:20 GMT" time="3.085" errors="0">
  <testcase name="getPlaceAPI" time="3.085" classname="TestFramework.GetPlace"/>
</testsuite>
