<?xml version="1.0" encoding="UTF-8"?>
<!-- Generated by org.testng.reporters.JUnitReportReporter -->
<testsuite hostname="ROCK-LP130" name="TestFramework.PostPlace" tests="1" failures="0" timestamp="24 Sep 2017 11:46:50 GMT" time="3.008" errors="0">
  <testcase name="createPlaceAPI" time="3.008" classname="TestFramework.PostPlace"/>
</testsuite>
