<?xml version="1.0" encoding="UTF-8"?>
<!-- Generated by org.testng.reporters.JUnitReportReporter -->
<testsuite hostname="ROCK-LP130" name="TestFramework.basics" tests="1" failures="0" timestamp="24 Sep 2017 05:59:56 GMT" time="2.667" errors="0">
  <testcase name="getPlaceAPI" time="2.667" classname="TestFramework.basics"/>
</testsuite>
