<?xml version="1.0" encoding="UTF-8"?>
<!-- Generated by org.testng.reporters.JUnitReportReporter -->
<testsuite hostname="ROCK-LP130" name="resmedtest.ResmedHomPage" tests="1" failures="0" timestamp="24 Sep 2017 12:57:28 GMT" time="11.268" errors="0">
  <testcase name="testLogin" time="11.268" classname="resmedtest.ResmedHomPage"/>
</testsuite>
