<?xml version="1.0" encoding="UTF-8"?>
<!-- Generated by org.testng.reporters.JUnitReportReporter -->
<testsuite hostname="ROCK-LP130" name="TestFramework.ResmedHomPage" tests="1" failures="0" timestamp="24 Sep 2017 12:10:01 GMT" time="12.470" errors="0">
  <testcase name="testLogin" time="12.470" classname="TestFramework.ResmedHomPage"/>
</testsuite>
