<?xml version="1.0" encoding="UTF-8"?>
<!-- Generated by org.testng.reporters.JUnitReportReporter -->
<testsuite hostname="ROCK-LP130" name="TestFramework.PostAndDelete" tests="1" failures="0" timestamp="24 Sep 2017 12:10:01 GMT" time="1.496" errors="0">
  <testcase name="AddandDeletePlace" time="1.496" classname="TestFramework.PostAndDelete"/>
</testsuite>
