<?xml version="1.0" encoding="UTF-8"?>
<!-- Generated by org.testng.reporters.JUnitReportReporter -->
<testsuite hostname="ROCK-LP130" name="TestFramework.basics2" tests="1" failures="0" timestamp="24 Sep 2017 04:38:43 GMT" time="0.387" errors="0">
  <testcase name="createPlaceAPI" time="0.387" classname="TestFramework.basics2"/>
</testsuite>
