<?xml version="1.0" encoding="UTF-8"?>
<!-- Generated by org.testng.reporters.JUnitReportReporter -->
<testsuite hostname="ROCK-LP130" name="TestFramework.GetPlace" tests="1" failures="0" timestamp="24 Sep 2017 12:10:01 GMT" time="3.366" errors="0">
  <testcase name="getPlaceAPI" time="3.366" classname="TestFramework.GetPlace"/>
</testsuite>
