<?xml version="1.0" encoding="UTF-8"?>
<!-- Generated by org.testng.reporters.JUnitReportReporter -->
<testsuite hostname="ROCK-LP130" name="TestFramework.basics3" tests="1" failures="0" timestamp="24 Sep 2017 04:38:43 GMT" time="0.665" errors="0">
  <testcase name="AddandDeletePlace" time="0.665" classname="TestFramework.basics3"/>
</testsuite>
