<?xml version="1.0" encoding="UTF-8"?>
<!-- Generated by org.testng.reporters.JUnitReportReporter -->
<testsuite hostname="ROCK-LP130" name="TestFramework.basics4" tests="1" failures="0" timestamp="23 Sep 2017 23:08:53 GMT" time="0.630" errors="0">
  <testcase name="postDataXML" time="0.630" classname="TestFramework.basics4"/>
</testsuite>
