<?xml version="1.0" encoding="UTF-8"?>
<!-- Generated by org.testng.reporters.JUnitReportReporter -->
<testsuite hostname="ROCK-LP130" name="resmedtest.PostPlace" tests="1" failures="0" timestamp="24 Sep 2017 12:57:28 GMT" time="0.609" errors="0">
  <testcase name="createPlaceAPI" time="0.609" classname="resmedtest.PostPlace"/>
</testsuite>
