<?xml version="1.0" encoding="UTF-8"?>
<!-- Generated by org.testng.reporters.JUnitReportReporter -->
<testsuite hostname="ROCK-LP130" name="TestFramework.basics" tests="1" failures="0" timestamp="24 Sep 2017 04:38:43 GMT" time="2.810" errors="0">
  <testcase name="getPlaceAPI" time="2.810" classname="TestFramework.basics"/>
</testsuite>
